<?xml version="1.0" encoding="UTF-8"?>
<!-- Generated by org.testng.reporters.JUnitXMLReporter -->
<testsuite ignored="0" hostname="DESKTOP-IFPAR84" failures="0" tests="3" name="Default test" time="5.55" errors="0" timestamp="2024-10-16T18:20:45 IST">
  <testcase classname="Day1.HTTPRequest" name="getUser" time="3.778"/>
  <testcase classname="Day1.HTTPRequest" name="CreateUser" time="1.257"/>
  <testcase classname="Day1.HTTPRequest" name="UpdateUser" time="0.392"/>
</testsuite> <!-- Default test -->
