<?xml version="1.0" encoding="UTF-8"?>
<testng-results ignored="0" total="3" passed="3" failed="0" skipped="0">
  <reporter-output>
  </reporter-output>
  <suite started-at="2024-10-16T18:20:39 IST" name="Default suite" finished-at="2024-10-16T18:20:45 IST" duration-ms="5550">
    <groups>
    </groups>
    <test started-at="2024-10-16T18:20:39 IST" name="Default test" finished-at="2024-10-16T18:20:45 IST" duration-ms="5550">
      <class name="Day1.HTTPRequest">
        <test-method signature="getUser()[pri:1, instance:Day1.HTTPRequest@158d2680]" started-at="2024-10-16T18:20:40 IST" name="getUser" finished-at="2024-10-16T18:20:43 IST" duration-ms="3778" status="PASS">
          <reporter-output>
          </reporter-output>
        </test-method> <!-- getUser -->
        <test-method signature="CreateUser()[pri:2, instance:Day1.HTTPRequest@158d2680]" started-at="2024-10-16T18:20:43 IST" name="CreateUser" finished-at="2024-10-16T18:20:45 IST" duration-ms="1257" status="PASS">
          <reporter-output>
          </reporter-output>
        </test-method> <!-- CreateUser -->
        <test-method signature="UpdateUser()[pri:3, instance:Day1.HTTPRequest@158d2680]" started-at="2024-10-16T18:20:45 IST" name="UpdateUser" finished-at="2024-10-16T18:20:45 IST" depends-on-methods="Day1.HTTPRequest.CreateUser" duration-ms="392" status="PASS">
          <reporter-output>
          </reporter-output>
        </test-method> <!-- UpdateUser -->
      </class> <!-- Day1.HTTPRequest -->
    </test> <!-- Default test -->
  </suite> <!-- Default suite -->
</testng-results>
